2024-12-14 18:57:56,342 - Carregando os dados do CSV.
2024-12-14 18:57:57,769 - Primeiras linhas do dataframe:
2024-12-14 18:57:57,769 -    Time        V1        V2        V3        V4        V5        V6        V7  ...       V23       V24       V25       V26       V27       V28  Amount  Class
0   0.0 -1.359807 -0.072781  2.536347  1.378155 -0.338321  0.462388  0.239599  ... -0.110474  0.066928  0.128539 -0.189115  0.133558 -0.021053  149.62      0
1   0.0  1.191857  0.266151  0.166480  0.448154  0.060018 -0.082361 -0.078803  ...  0.101288 -0.339846  0.167170  0.125895 -0.008983  0.014724    2.69      0
2   1.0 -1.358354 -1.340163  1.773209  0.379780 -0.503198  1.800499  0.791461  ...  0.909412 -0.689281 -0.327642 -0.139097 -0.055353 -0.059752  378.66      0
3   1.0 -0.966272 -0.185226  1.792993 -0.863291 -0.010309  1.247203  0.237609  ... -0.190321 -1.175575  0.647376 -0.221929  0.062723  0.061458  123.50      0
4   2.0 -1.158233  0.877737  1.548718  0.403034 -0.407193  0.095921  0.592941  ... -0.137458  0.141267 -0.206010  0.502292  0.219422  0.215153   69.99      0

[5 rows x 31 columns]
2024-12-14 18:57:57,800 - Analisando a estrutura dos dados:
2024-12-14 18:57:57,816 - None
2024-12-14 18:57:57,816 - Estatísticas descritivas:
2024-12-14 18:57:58,213 -                 Time            V1            V2            V3            V4  ...           V26           V27           V28         Amount          Class
count  284807.000000  2.848070e+05  2.848070e+05  2.848070e+05  2.848070e+05  ...  2.848070e+05  2.848070e+05  2.848070e+05  284807.000000  284807.000000
mean    94813.859575  1.168375e-15  3.416908e-16 -1.379537e-15  2.074095e-15  ...  1.683437e-15 -3.660091e-16 -1.227390e-16      88.349619       0.001727
std     47488.145955  1.958696e+00  1.651309e+00  1.516255e+00  1.415869e+00  ...  4.822270e-01  4.036325e-01  3.300833e-01     250.120109       0.041527
min         0.000000 -5.640751e+01 -7.271573e+01 -4.832559e+01 -5.683171e+00  ... -2.604551e+00 -2.256568e+01 -1.543008e+01       0.000000       0.000000
25%     54201.500000 -9.203734e-01 -5.985499e-01 -8.903648e-01 -8.486401e-01  ... -3.269839e-01 -7.083953e-02 -5.295979e-02       5.600000       0.000000
50%     84692.000000  1.810880e-02  6.548556e-02  1.798463e-01 -1.984653e-02  ... -5.213911e-02  1.342146e-03  1.124383e-02      22.000000       0.000000
75%    139320.500000  1.315642e+00  8.037239e-01  1.027196e+00  7.433413e-01  ...  2.409522e-01  9.104512e-02  7.827995e-02      77.165000       0.000000
max    172792.000000  2.454930e+00  2.205773e+01  9.382558e+00  1.687534e+01  ...  3.517346e+00  3.161220e+01  3.384781e+01   25691.160000       1.000000

[8 rows x 31 columns]
2024-12-14 18:57:58,245 - Verificando valores ausentes:
2024-12-14 18:57:58,260 - Time      0
V1        0
V2        0
V3        0
V4        0
V5        0
V6        0
V7        0
V8        0
V9        0
V10       0
V11       0
V12       0
V13       0
V14       0
V15       0
V16       0
V17       0
V18       0
V19       0
V20       0
V21       0
V22       0
V23       0
V24       0
V25       0
V26       0
V27       0
V28       0
Amount    0
Class     0
dtype: int64
2024-12-14 18:57:58,649 - Preenchendo valores ausentes com a média.
2024-12-14 18:57:59,399 - Removendo duplicatas.
2024-12-14 18:57:59,399 - Normalizando os dados.
2024-12-14 18:57:59,541 - Salvando o dataset processado.
2024-12-14 18:58:08,761 - Tempo total de processamento: 0 horas, 0 minutos e 12 segundos.
2024-12-14 18:58:55,601 - Carregando os dados do CSV.
2024-12-14 18:58:57,044 - Primeiras linhas do dataframe:
2024-12-14 18:58:57,044 -    Time        V1        V2        V3        V4        V5        V6        V7  ...       V23       V24       V25       V26       V27       V28  Amount  Class
0   0.0 -1.359807 -0.072781  2.536347  1.378155 -0.338321  0.462388  0.239599  ... -0.110474  0.066928  0.128539 -0.189115  0.133558 -0.021053  149.62      0
1   0.0  1.191857  0.266151  0.166480  0.448154  0.060018 -0.082361 -0.078803  ...  0.101288 -0.339846  0.167170  0.125895 -0.008983  0.014724    2.69      0
2   1.0 -1.358354 -1.340163  1.773209  0.379780 -0.503198  1.800499  0.791461  ...  0.909412 -0.689281 -0.327642 -0.139097 -0.055353 -0.059752  378.66      0
3   1.0 -0.966272 -0.185226  1.792993 -0.863291 -0.010309  1.247203  0.237609  ... -0.190321 -1.175575  0.647376 -0.221929  0.062723  0.061458  123.50      0
4   2.0 -1.158233  0.877737  1.548718  0.403034 -0.407193  0.095921  0.592941  ... -0.137458  0.141267 -0.206010  0.502292  0.219422  0.215153   69.99      0

[5 rows x 31 columns]
2024-12-14 18:58:57,059 - Analisando a estrutura dos dados:
2024-12-14 18:58:57,091 - None
2024-12-14 18:58:57,091 - Estatísticas descritivas:
2024-12-14 18:58:57,434 -                 Time            V1            V2            V3            V4  ...           V26           V27           V28         Amount          Class
count  284807.000000  2.848070e+05  2.848070e+05  2.848070e+05  2.848070e+05  ...  2.848070e+05  2.848070e+05  2.848070e+05  284807.000000  284807.000000
mean    94813.859575  1.168375e-15  3.416908e-16 -1.379537e-15  2.074095e-15  ...  1.683437e-15 -3.660091e-16 -1.227390e-16      88.349619       0.001727
std     47488.145955  1.958696e+00  1.651309e+00  1.516255e+00  1.415869e+00  ...  4.822270e-01  4.036325e-01  3.300833e-01     250.120109       0.041527
min         0.000000 -5.640751e+01 -7.271573e+01 -4.832559e+01 -5.683171e+00  ... -2.604551e+00 -2.256568e+01 -1.543008e+01       0.000000       0.000000
25%     54201.500000 -9.203734e-01 -5.985499e-01 -8.903648e-01 -8.486401e-01  ... -3.269839e-01 -7.083953e-02 -5.295979e-02       5.600000       0.000000
50%     84692.000000  1.810880e-02  6.548556e-02  1.798463e-01 -1.984653e-02  ... -5.213911e-02  1.342146e-03  1.124383e-02      22.000000       0.000000
75%    139320.500000  1.315642e+00  8.037239e-01  1.027196e+00  7.433413e-01  ...  2.409522e-01  9.104512e-02  7.827995e-02      77.165000       0.000000
max    172792.000000  2.454930e+00  2.205773e+01  9.382558e+00  1.687534e+01  ...  3.517346e+00  3.161220e+01  3.384781e+01   25691.160000       1.000000

[8 rows x 31 columns]
2024-12-14 18:58:57,450 - Verificando valores ausentes:
2024-12-14 18:58:57,466 - Time      0
V1        0
V2        0
V3        0
V4        0
V5        0
V6        0
V7        0
V8        0
V9        0
V10       0
V11       0
V12       0
V13       0
V14       0
V15       0
V16       0
V17       0
V18       0
V19       0
V20       0
V21       0
V22       0
V23       0
V24       0
V25       0
V26       0
V27       0
V28       0
Amount    0
Class     0
dtype: int64
2024-12-14 18:58:57,812 - Preenchendo valores ausentes com a média.
2024-12-14 18:58:58,454 - Removendo duplicatas.
2024-12-14 18:58:58,454 - Normalizando os dados.
2024-12-14 18:58:58,579 - Salvando o dataset processado.
2024-12-14 18:59:07,830 - Tempo total de processamento: 0 horas, 0 minutos e 12 segundos.
2024-12-14 18:59:09,947 - Contagem de classes:
2024-12-14 18:59:09,947 - 0.0    282174
1.0       473
Name: Class, dtype: int64
2024-12-14 18:59:10,135 - Estatísticas descritivas do valor das transações:
2024-12-14 18:59:10,135 - count    2.837260e+05
mean    -3.966854e-17
std      1.000002e+00
min     -3.533268e-01
25%     -3.309625e-01
50%     -2.654671e-01
75%     -4.378088e-02
max      1.022476e+02
Name: Amount, dtype: float64
2024-12-14 18:59:10,793 - Estatísticas descritivas do tempo das transações:
2024-12-14 18:59:10,808 - count    2.837260e+05
mean     1.218105e-16
std      1.000002e+00
min     -1.996823e+00
25%     -8.552128e-01
50%     -2.131081e-01
75%      9.369423e-01
max      1.642362e+00
Name: Time, dtype: float64
2024-12-14 19:16:29,644 - Carregando os dados do CSV.
2024-12-14 19:16:31,124 - Primeiras linhas do dataframe:
2024-12-14 19:16:31,124 -    Time        V1        V2        V3        V4        V5        V6        V7  ...       V23       V24       V25       V26       V27       V28  Amount  Class
0   0.0 -1.359807 -0.072781  2.536347  1.378155 -0.338321  0.462388  0.239599  ... -0.110474  0.066928  0.128539 -0.189115  0.133558 -0.021053  149.62      0
1   0.0  1.191857  0.266151  0.166480  0.448154  0.060018 -0.082361 -0.078803  ...  0.101288 -0.339846  0.167170  0.125895 -0.008983  0.014724    2.69      0
2   1.0 -1.358354 -1.340163  1.773209  0.379780 -0.503198  1.800499  0.791461  ...  0.909412 -0.689281 -0.327642 -0.139097 -0.055353 -0.059752  378.66      0
3   1.0 -0.966272 -0.185226  1.792993 -0.863291 -0.010309  1.247203  0.237609  ... -0.190321 -1.175575  0.647376 -0.221929  0.062723  0.061458  123.50      0
4   2.0 -1.158233  0.877737  1.548718  0.403034 -0.407193  0.095921  0.592941  ... -0.137458  0.141267 -0.206010  0.502292  0.219422  0.215153   69.99      0

[5 rows x 31 columns]
2024-12-14 19:16:31,157 - Analisando a estrutura dos dados:
2024-12-14 19:16:31,190 - None
2024-12-14 19:16:31,190 - Estatísticas descritivas:
2024-12-14 19:16:31,561 -                 Time            V1            V2            V3            V4  ...           V26           V27           V28         Amount          Class
count  284807.000000  2.848070e+05  2.848070e+05  2.848070e+05  2.848070e+05  ...  2.848070e+05  2.848070e+05  2.848070e+05  284807.000000  284807.000000
mean    94813.859575  1.168375e-15  3.416908e-16 -1.379537e-15  2.074095e-15  ...  1.683437e-15 -3.660091e-16 -1.227390e-16      88.349619       0.001727
std     47488.145955  1.958696e+00  1.651309e+00  1.516255e+00  1.415869e+00  ...  4.822270e-01  4.036325e-01  3.300833e-01     250.120109       0.041527
min         0.000000 -5.640751e+01 -7.271573e+01 -4.832559e+01 -5.683171e+00  ... -2.604551e+00 -2.256568e+01 -1.543008e+01       0.000000       0.000000
25%     54201.500000 -9.203734e-01 -5.985499e-01 -8.903648e-01 -8.486401e-01  ... -3.269839e-01 -7.083953e-02 -5.295979e-02       5.600000       0.000000
50%     84692.000000  1.810880e-02  6.548556e-02  1.798463e-01 -1.984653e-02  ... -5.213911e-02  1.342146e-03  1.124383e-02      22.000000       0.000000
75%    139320.500000  1.315642e+00  8.037239e-01  1.027196e+00  7.433413e-01  ...  2.409522e-01  9.104512e-02  7.827995e-02      77.165000       0.000000
max    172792.000000  2.454930e+00  2.205773e+01  9.382558e+00  1.687534e+01  ...  3.517346e+00  3.161220e+01  3.384781e+01   25691.160000       1.000000

[8 rows x 31 columns]
2024-12-14 19:16:31,585 - Verificando valores ausentes:
2024-12-14 19:16:31,589 - Time      0
V1        0
V2        0
V3        0
V4        0
V5        0
V6        0
V7        0
V8        0
V9        0
V10       0
V11       0
V12       0
V13       0
V14       0
V15       0
V16       0
V17       0
V18       0
V19       0
V20       0
V21       0
V22       0
V23       0
V24       0
V25       0
V26       0
V27       0
V28       0
Amount    0
Class     0
dtype: int64
2024-12-14 19:16:31,956 - Preenchendo valores ausentes com a média.
2024-12-14 19:16:32,656 - Removendo duplicatas.
2024-12-14 19:16:32,656 - Normalizando os dados.
2024-12-14 19:16:32,797 - Salvando o dataset processado.
2024-12-14 19:16:42,268 - Tempo total de processamento: 0 horas, 0 minutos e 12 segundos.
2024-12-14 19:16:44,352 - Contagem de classes:
2024-12-14 19:16:44,352 - 0.0    282174
1.0       473
Name: Class, dtype: int64
2024-12-14 19:16:44,524 - Estatísticas descritivas do valor das transações:
2024-12-14 19:16:44,539 - count    2.837260e+05
mean    -3.966854e-17
std      1.000002e+00
min     -3.533268e-01
25%     -3.309625e-01
50%     -2.654671e-01
75%     -4.378088e-02
max      1.022476e+02
Name: Amount, dtype: float64
2024-12-14 19:16:45,229 - Estatísticas descritivas do tempo das transações:
2024-12-14 19:16:45,245 - count    2.837260e+05
mean     1.218105e-16
std      1.000002e+00
min     -1.996823e+00
25%     -8.552128e-01
50%     -2.131081e-01
75%      9.369423e-01
max      1.642362e+00
Name: Time, dtype: float64
2024-12-14 19:23:22,681 - Carregando os dados do CSV.
2024-12-14 19:23:24,178 - Primeiras linhas do dataframe:
2024-12-14 19:23:24,178 -    Time        V1        V2        V3        V4        V5        V6        V7  ...       V23       V24       V25       V26       V27       V28  Amount  Class
0   0.0 -1.359807 -0.072781  2.536347  1.378155 -0.338321  0.462388  0.239599  ... -0.110474  0.066928  0.128539 -0.189115  0.133558 -0.021053  149.62      0
1   0.0  1.191857  0.266151  0.166480  0.448154  0.060018 -0.082361 -0.078803  ...  0.101288 -0.339846  0.167170  0.125895 -0.008983  0.014724    2.69      0
2   1.0 -1.358354 -1.340163  1.773209  0.379780 -0.503198  1.800499  0.791461  ...  0.909412 -0.689281 -0.327642 -0.139097 -0.055353 -0.059752  378.66      0
3   1.0 -0.966272 -0.185226  1.792993 -0.863291 -0.010309  1.247203  0.237609  ... -0.190321 -1.175575  0.647376 -0.221929  0.062723  0.061458  123.50      0
4   2.0 -1.158233  0.877737  1.548718  0.403034 -0.407193  0.095921  0.592941  ... -0.137458  0.141267 -0.206010  0.502292  0.219422  0.215153   69.99      0

[5 rows x 31 columns]
2024-12-14 19:23:24,195 - Analisando a estrutura dos dados:
2024-12-14 19:23:24,225 - None
2024-12-14 19:23:24,225 - Estatísticas descritivas:
2024-12-14 19:23:24,571 -                 Time            V1            V2            V3            V4  ...           V26           V27           V28         Amount          Class
count  284807.000000  2.848070e+05  2.848070e+05  2.848070e+05  2.848070e+05  ...  2.848070e+05  2.848070e+05  2.848070e+05  284807.000000  284807.000000
mean    94813.859575  1.168375e-15  3.416908e-16 -1.379537e-15  2.074095e-15  ...  1.683437e-15 -3.660091e-16 -1.227390e-16      88.349619       0.001727
std     47488.145955  1.958696e+00  1.651309e+00  1.516255e+00  1.415869e+00  ...  4.822270e-01  4.036325e-01  3.300833e-01     250.120109       0.041527
min         0.000000 -5.640751e+01 -7.271573e+01 -4.832559e+01 -5.683171e+00  ... -2.604551e+00 -2.256568e+01 -1.543008e+01       0.000000       0.000000
25%     54201.500000 -9.203734e-01 -5.985499e-01 -8.903648e-01 -8.486401e-01  ... -3.269839e-01 -7.083953e-02 -5.295979e-02       5.600000       0.000000
50%     84692.000000  1.810880e-02  6.548556e-02  1.798463e-01 -1.984653e-02  ... -5.213911e-02  1.342146e-03  1.124383e-02      22.000000       0.000000
75%    139320.500000  1.315642e+00  8.037239e-01  1.027196e+00  7.433413e-01  ...  2.409522e-01  9.104512e-02  7.827995e-02      77.165000       0.000000
max    172792.000000  2.454930e+00  2.205773e+01  9.382558e+00  1.687534e+01  ...  3.517346e+00  3.161220e+01  3.384781e+01   25691.160000       1.000000

[8 rows x 31 columns]
2024-12-14 19:23:24,602 - Verificando valores ausentes:
2024-12-14 19:23:24,618 - Time      0
V1        0
V2        0
V3        0
V4        0
V5        0
V6        0
V7        0
V8        0
V9        0
V10       0
V11       0
V12       0
V13       0
V14       0
V15       0
V16       0
V17       0
V18       0
V19       0
V20       0
V21       0
V22       0
V23       0
V24       0
V25       0
V26       0
V27       0
V28       0
Amount    0
Class     0
dtype: int64
2024-12-14 19:23:24,999 - Preenchendo valores ausentes com a média.
2024-12-14 19:23:25,761 - Removendo duplicatas.
2024-12-14 19:23:25,761 - Normalizando os dados.
2024-12-14 19:23:25,917 - Salvando o dataset processado.
2024-12-14 19:23:35,185 - Tempo total de processamento: 0 horas, 0 minutos e 12 segundos.
2024-12-14 19:23:37,301 - Contagem de classes:
2024-12-14 19:23:37,301 - 0.0    282174
1.0       473
Name: Class, dtype: int64
2024-12-14 19:23:37,495 - Estatísticas descritivas do valor das transações:
2024-12-14 19:23:37,519 - count    2.837260e+05
mean    -3.966854e-17
std      1.000002e+00
min     -3.533268e-01
25%     -3.309625e-01
50%     -2.654671e-01
75%     -4.378088e-02
max      1.022476e+02
Name: Amount, dtype: float64
2024-12-14 19:23:38,191 - Estatísticas descritivas do tempo das transações:
2024-12-14 19:23:38,207 - count    2.837260e+05
mean     1.218105e-16
std      1.000002e+00
min     -1.996823e+00
25%     -8.552128e-01
50%     -2.131081e-01
75%      9.369423e-01
max      1.642362e+00
Name: Time, dtype: float64
2024-12-14 19:28:25,224 - Carregando os dados do CSV.
2024-12-14 19:28:26,665 - Primeiras linhas do dataframe:
2024-12-14 19:28:26,665 -    Time        V1        V2        V3        V4        V5        V6        V7  ...       V23       V24       V25       V26       V27       V28  Amount  Class
0   0.0 -1.359807 -0.072781  2.536347  1.378155 -0.338321  0.462388  0.239599  ... -0.110474  0.066928  0.128539 -0.189115  0.133558 -0.021053  149.62      0
1   0.0  1.191857  0.266151  0.166480  0.448154  0.060018 -0.082361 -0.078803  ...  0.101288 -0.339846  0.167170  0.125895 -0.008983  0.014724    2.69      0
2   1.0 -1.358354 -1.340163  1.773209  0.379780 -0.503198  1.800499  0.791461  ...  0.909412 -0.689281 -0.327642 -0.139097 -0.055353 -0.059752  378.66      0
3   1.0 -0.966272 -0.185226  1.792993 -0.863291 -0.010309  1.247203  0.237609  ... -0.190321 -1.175575  0.647376 -0.221929  0.062723  0.061458  123.50      0
4   2.0 -1.158233  0.877737  1.548718  0.403034 -0.407193  0.095921  0.592941  ... -0.137458  0.141267 -0.206010  0.502292  0.219422  0.215153   69.99      0

[5 rows x 31 columns]
2024-12-14 19:28:26,681 - Analisando a estrutura dos dados:
2024-12-14 19:28:26,715 - None
2024-12-14 19:28:26,715 - Estatísticas descritivas:
2024-12-14 19:28:27,073 -                 Time            V1            V2            V3            V4  ...           V26           V27           V28         Amount          Class
count  284807.000000  2.848070e+05  2.848070e+05  2.848070e+05  2.848070e+05  ...  2.848070e+05  2.848070e+05  2.848070e+05  284807.000000  284807.000000
mean    94813.859575  1.168375e-15  3.416908e-16 -1.379537e-15  2.074095e-15  ...  1.683437e-15 -3.660091e-16 -1.227390e-16      88.349619       0.001727
std     47488.145955  1.958696e+00  1.651309e+00  1.516255e+00  1.415869e+00  ...  4.822270e-01  4.036325e-01  3.300833e-01     250.120109       0.041527
min         0.000000 -5.640751e+01 -7.271573e+01 -4.832559e+01 -5.683171e+00  ... -2.604551e+00 -2.256568e+01 -1.543008e+01       0.000000       0.000000
25%     54201.500000 -9.203734e-01 -5.985499e-01 -8.903648e-01 -8.486401e-01  ... -3.269839e-01 -7.083953e-02 -5.295979e-02       5.600000       0.000000
50%     84692.000000  1.810880e-02  6.548556e-02  1.798463e-01 -1.984653e-02  ... -5.213911e-02  1.342146e-03  1.124383e-02      22.000000       0.000000
75%    139320.500000  1.315642e+00  8.037239e-01  1.027196e+00  7.433413e-01  ...  2.409522e-01  9.104512e-02  7.827995e-02      77.165000       0.000000
max    172792.000000  2.454930e+00  2.205773e+01  9.382558e+00  1.687534e+01  ...  3.517346e+00  3.161220e+01  3.384781e+01   25691.160000       1.000000

[8 rows x 31 columns]
2024-12-14 19:28:27,105 - Verificando valores ausentes:
2024-12-14 19:28:27,120 - Time      0
V1        0
V2        0
V3        0
V4        0
V5        0
V6        0
V7        0
V8        0
V9        0
V10       0
V11       0
V12       0
V13       0
V14       0
V15       0
V16       0
V17       0
V18       0
V19       0
V20       0
V21       0
V22       0
V23       0
V24       0
V25       0
V26       0
V27       0
V28       0
Amount    0
Class     0
dtype: int64
2024-12-14 19:28:27,495 - Preenchendo valores ausentes com a média.
2024-12-14 19:28:28,155 - Removendo duplicatas.
2024-12-14 19:28:28,155 - Normalizando os dados.
2024-12-14 19:28:28,296 - Salvando o dataset processado.
2024-12-14 19:28:37,421 - Tempo total de processamento: 0 horas, 0 minutos e 12 segundos.
2024-12-14 19:28:39,464 - Contagem de classes:
2024-12-14 19:28:39,464 - 0.0    282174
1.0       473
Name: Class, dtype: int64
2024-12-14 19:28:39,654 - Estatísticas descritivas do valor das transações:
2024-12-14 19:28:39,678 - count    2.837260e+05
mean    -3.966854e-17
std      1.000002e+00
min     -3.533268e-01
25%     -3.309625e-01
50%     -2.654671e-01
75%     -4.378088e-02
max      1.022476e+02
Name: Amount, dtype: float64
2024-12-14 19:28:40,348 - Estatísticas descritivas do tempo das transações:
2024-12-14 19:28:40,348 - count    2.837260e+05
mean     1.218105e-16
std      1.000002e+00
min     -1.996823e+00
25%     -8.552128e-01
50%     -2.131081e-01
75%      9.369423e-01
max      1.642362e+00
Name: Time, dtype: float64
2024-12-14 19:45:10,960 - Carregando os dados do CSV.
2024-12-14 19:45:12,401 - Primeiras linhas do dataframe:
2024-12-14 19:45:12,401 -    Time        V1        V2        V3        V4        V5        V6        V7  ...       V23       V24       V25       V26       V27       V28  Amount  Class
0   0.0 -1.359807 -0.072781  2.536347  1.378155 -0.338321  0.462388  0.239599  ... -0.110474  0.066928  0.128539 -0.189115  0.133558 -0.021053  149.62      0
1   0.0  1.191857  0.266151  0.166480  0.448154  0.060018 -0.082361 -0.078803  ...  0.101288 -0.339846  0.167170  0.125895 -0.008983  0.014724    2.69      0
2   1.0 -1.358354 -1.340163  1.773209  0.379780 -0.503198  1.800499  0.791461  ...  0.909412 -0.689281 -0.327642 -0.139097 -0.055353 -0.059752  378.66      0
3   1.0 -0.966272 -0.185226  1.792993 -0.863291 -0.010309  1.247203  0.237609  ... -0.190321 -1.175575  0.647376 -0.221929  0.062723  0.061458  123.50      0
4   2.0 -1.158233  0.877737  1.548718  0.403034 -0.407193  0.095921  0.592941  ... -0.137458  0.141267 -0.206010  0.502292  0.219422  0.215153   69.99      0

[5 rows x 31 columns]
2024-12-14 19:45:12,417 - Analisando a estrutura dos dados:
2024-12-14 19:45:12,448 - None
2024-12-14 19:45:12,448 - Estatísticas descritivas:
2024-12-14 19:45:12,794 -                 Time            V1            V2            V3            V4  ...           V26           V27           V28         Amount          Class
count  284807.000000  2.848070e+05  2.848070e+05  2.848070e+05  2.848070e+05  ...  2.848070e+05  2.848070e+05  2.848070e+05  284807.000000  284807.000000
mean    94813.859575  1.168375e-15  3.416908e-16 -1.379537e-15  2.074095e-15  ...  1.683437e-15 -3.660091e-16 -1.227390e-16      88.349619       0.001727
std     47488.145955  1.958696e+00  1.651309e+00  1.516255e+00  1.415869e+00  ...  4.822270e-01  4.036325e-01  3.300833e-01     250.120109       0.041527
min         0.000000 -5.640751e+01 -7.271573e+01 -4.832559e+01 -5.683171e+00  ... -2.604551e+00 -2.256568e+01 -1.543008e+01       0.000000       0.000000
25%     54201.500000 -9.203734e-01 -5.985499e-01 -8.903648e-01 -8.486401e-01  ... -3.269839e-01 -7.083953e-02 -5.295979e-02       5.600000       0.000000
50%     84692.000000  1.810880e-02  6.548556e-02  1.798463e-01 -1.984653e-02  ... -5.213911e-02  1.342146e-03  1.124383e-02      22.000000       0.000000
75%    139320.500000  1.315642e+00  8.037239e-01  1.027196e+00  7.433413e-01  ...  2.409522e-01  9.104512e-02  7.827995e-02      77.165000       0.000000
max    172792.000000  2.454930e+00  2.205773e+01  9.382558e+00  1.687534e+01  ...  3.517346e+00  3.161220e+01  3.384781e+01   25691.160000       1.000000

[8 rows x 31 columns]
2024-12-14 19:45:12,810 - Verificando valores ausentes:
2024-12-14 19:45:12,826 - Time      0
V1        0
V2        0
V3        0
V4        0
V5        0
V6        0
V7        0
V8        0
V9        0
V10       0
V11       0
V12       0
V13       0
V14       0
V15       0
V16       0
V17       0
V18       0
V19       0
V20       0
V21       0
V22       0
V23       0
V24       0
V25       0
V26       0
V27       0
V28       0
Amount    0
Class     0
dtype: int64
2024-12-14 19:45:13,186 - Preenchendo valores ausentes com a média.
2024-12-14 19:45:13,844 - Removendo duplicatas.
2024-12-14 19:45:13,844 - Normalizando os dados.
2024-12-14 19:45:13,985 - Salvando o dataset processado.
2024-12-14 19:45:23,286 - Tempo total de processamento: 0 horas, 0 minutos e 12 segundos.
2024-12-14 19:45:25,481 - Contagem de classes:
2024-12-14 19:45:25,481 - 0.0    282174
1.0       473
Name: Class, dtype: int64
2024-12-14 19:45:25,666 - Estatísticas descritivas do valor das transações:
2024-12-14 19:45:25,666 - count    2.837260e+05
mean    -3.966854e-17
std      1.000002e+00
min     -3.533268e-01
25%     -3.309625e-01
50%     -2.654671e-01
75%     -4.378088e-02
max      1.022476e+02
Name: Amount, dtype: float64
2024-12-14 19:45:26,339 - Estatísticas descritivas do tempo das transações:
2024-12-14 19:45:26,355 - count    2.837260e+05
mean     1.218105e-16
std      1.000002e+00
min     -1.996823e+00
25%     -8.552128e-01
50%     -2.131081e-01
75%      9.369423e-01
max      1.642362e+00
Name: Time, dtype: float64
2024-12-14 20:04:18,183 - Matriz de correlação:
2024-12-14 20:04:18,183 -             Time        V1        V2        V3        V4        V5        V6  ...       V24       V25       V26       V27       V28    Amount     Class
Time    1.000000  0.117927 -0.010556 -0.422054 -0.105845  0.173223 -0.063279  ... -0.015954 -0.233262 -0.041818 -0.005171 -0.009305 -0.010559 -0.012051
V1      0.117927  1.000000  0.006875 -0.008112  0.002257 -0.007036  0.000413  ... -0.000723 -0.000222 -0.000684 -0.015706 -0.004861 -0.230105 -0.000727
V2     -0.010556  0.006875  1.000000  0.005278 -0.001495  0.005210 -0.000594  ...  0.000701 -0.001569  0.000253  0.007555  0.001611 -0.533428  0.002090
V3     -0.422054 -0.008112  0.005278  1.000000  0.002829 -0.006879 -0.001511  ... -0.000072  0.000425 -0.000094 -0.007051 -0.000134 -0.212410  0.003422
V4     -0.105845  0.002257 -0.001495  0.002829  1.000000  0.001744 -0.000880  ... -0.000120  0.000162  0.000777  0.001322  0.000231  0.099514  0.002539
V5      0.173223 -0.007036  0.005210 -0.006879  0.001744  1.000000 -0.000938  ...  0.000198  0.000069  0.000390 -0.005798 -0.000820 -0.387685 -0.000202
V6     -0.063279  0.000413 -0.000594 -0.001511 -0.000880 -0.000938  1.000000  ...  0.001202  0.000697 -0.000028  0.000289  0.000925  0.216389 -0.002658
V7      0.085335 -0.009173  0.007425 -0.011721  0.004657 -0.008709  0.000436  ... -0.000384 -0.000072  0.000624 -0.004537  0.001657  0.400408 -0.000662
V8     -0.038203 -0.001168  0.002899 -0.001815  0.000890  0.001430  0.003036  ...  0.000113  0.000011 -0.001407  0.000613 -0.000099 -0.104662 -0.001234
V9     -0.007861  0.001828 -0.000274 -0.003579  0.002154 -0.001213 -0.000734  ... -0.000103 -0.000275  0.001253  0.008221  0.005591 -0.044123  0.009471
V10     0.031068  0.000815  0.000620 -0.009632  0.002753 -0.006050 -0.002180  ...  0.000154 -0.000565  0.001089  0.010769  0.009159 -0.102255 -0.004920
V11    -0.248536  0.001028 -0.000633  0.002339 -0.001223  0.000411 -0.000211  ...  0.000080  0.000047 -0.000204  0.001987  0.002562 -0.000015  0.008508
V12     0.125500 -0.001524  0.002266 -0.005900  0.003366 -0.002342 -0.001185  ...  0.000588 -0.000181 -0.000138 -0.000929 -0.000613 -0.009254 -0.015835
V13    -0.065958 -0.000568  0.000680  0.000113  0.000177  0.000019  0.000397  ... -0.000049  0.000248 -0.000101 -0.001577 -0.000604  0.005209  0.012858
V14    -0.100316 -0.002663  0.002711 -0.003027  0.002801 -0.001000  0.000184  ... -0.000026  0.000155 -0.000702 -0.004556 -0.004664  0.034122  0.012895
V15    -0.184392 -0.000602  0.001538 -0.001230  0.000572 -0.001171 -0.000470  ...  0.000113  0.000445 -0.002034 -0.000641  0.000858 -0.003265 -0.001759
V16     0.011286 -0.003345  0.004013 -0.004430  0.003346 -0.002373  0.000122  ... -0.000482  0.000215 -0.001245 -0.003974 -0.001629 -0.004488 -0.004484
V17    -0.073819 -0.003491  0.003244 -0.008159  0.003655 -0.004466 -0.001716  ...  0.001006 -0.000685  0.000157 -0.003421 -0.002703  0.007730  0.003797
V18     0.090305 -0.003535  0.002477 -0.003495  0.002325 -0.002685  0.000541  ... -0.000710 -0.000559 -0.000596 -0.004231 -0.001256  0.035775  0.002493
V19     0.029537  0.000919 -0.000358 -0.000016 -0.000560  0.000436  0.000106  ... -0.000112 -0.000084  0.000856 -0.000544  0.000353 -0.055994 -0.000761
V20    -0.051022 -0.001393 -0.001287 -0.002269  0.000318 -0.001185 -0.000181  ... -0.000303 -0.000643 -0.000310 -0.000049  0.002671  0.340729 -0.000285
V21     0.045913  0.002818 -0.004897  0.003500 -0.001034  0.001622 -0.002134  ...  0.001210 -0.000872 -0.000874 -0.005216 -0.004436  0.108058 -0.000360
V22     0.143727 -0.001436  0.001237 -0.000275  0.000115 -0.000559  0.001104  ... -0.000031  0.000197 -0.001495  0.003037  0.001392 -0.064965 -0.004051
V23     0.051474 -0.001330 -0.003855  0.000449  0.000732  0.001183 -0.000755  ...  0.000273 -0.000532 -0.000185 -0.002028 -0.003224 -0.112833 -0.000542
V24    -0.015954 -0.000723  0.000701 -0.000072 -0.000120  0.000198  0.001202  ...  1.000000 -0.000188  0.000568 -0.000885  0.000322  0.005055 -0.001850
V25    -0.233262 -0.000222 -0.001569  0.000425  0.000162  0.000069  0.000697  ... -0.000188  1.000000  0.000048 -0.001339 -0.000565 -0.047596  0.002727
V26    -0.041818 -0.000684  0.000253 -0.000094  0.000777  0.000390 -0.000028  ...  0.000568  0.000048  1.000000 -0.003294 -0.000999 -0.003425 -0.005327
V27    -0.005171 -0.015706  0.007555 -0.007051  0.001322 -0.005798  0.000289  ... -0.000885 -0.001339 -0.003294  1.000000 -0.013950  0.027922  0.000221
V28    -0.009305 -0.004861  0.001611 -0.000134  0.000231 -0.000820  0.000925  ...  0.000322 -0.000565 -0.000999 -0.013950  1.000000  0.010143  0.001262
Amount -0.010559 -0.230105 -0.533428 -0.212410  0.099514 -0.387685  0.216389  ...  0.005055 -0.047596 -0.003425  0.027922  0.010143  1.000000 -0.000260
Class  -0.012051 -0.000727  0.002090  0.003422  0.002539 -0.000202 -0.002658  ... -0.001850  0.002727 -0.005327  0.000221  0.001262 -0.000260  1.000000

[31 rows x 31 columns]
2024-12-14 20:04:18,590 - Estatísticas descritivas dos valores por classe:
2024-12-14 20:04:18,622 -           count      mean       std       min       25%       50%       75%         max
Class                                                                                  
0.0    282174.0  0.000010  1.000594 -0.353327 -0.330923 -0.265467 -0.043741  102.247564
1.0       473.0 -0.006349  1.015024 -0.353327 -0.333399 -0.273454 -0.077527   11.850716
2024-12-14 20:04:27,669 - Dataset processado salvo em creditcard_processed.csv
2024-12-14 20:04:27,669 - Tempo total de processamento: 0 horas, 19 minutos e 4 segundos.
