2024-12-15 19:28:25,394 - Distribuição das classes no conjunto de treinamento antes do SMOTE:
2024-12-15 19:28:25,394 - 0.0    340
1.0    336
Name: Class, dtype: int64
2024-12-15 19:28:25,454 - Distribuição das classes no conjunto de treinamento após o SMOTE:
2024-12-15 19:28:25,454 - 0.0    340
1.0    340
Name: Class, dtype: int64
2024-12-15 19:28:25,798 - Relatório de Classificação do modelo de Random Forest:
2024-12-15 19:28:25,798 -               precision    recall  f1-score   support

         0.0       0.61      0.68      0.64       146
         1.0       0.64      0.57      0.60       145

    accuracy                           0.62       291
   macro avg       0.62      0.62      0.62       291
weighted avg       0.62      0.62      0.62       291

2024-12-15 19:28:25,798 - AUC-ROC: 0.6217997165800662
2024-12-15 19:36:56,057 - Melhores hiperparâmetros em treino: {'bootstrap': False, 'class_weight': {0: 1, 1: 30}, 'max_depth': None, 'max_features': 'sqrt', 'min_samples_leaf': 6, 'min_samples_split': 17, 'n_estimators': 398}
2024-12-15 19:36:56,088 - Relatório de Classificação nos dados de treino com melhores hiperparâmetros:
2024-12-15 19:36:56,088 -               precision    recall  f1-score   support

         0.0       1.00      0.03      0.06       340
         1.0       0.51      1.00      0.67       340

    accuracy                           0.52       680
   macro avg       0.75      0.52      0.37       680
weighted avg       0.75      0.52      0.37       680

2024-12-15 19:36:56,088 - AUC-ROC: 0.5161764705882352
2024-12-15 19:36:56,119 - Relatório de Classificação nos dados de teste com melhores hiperparâmetros:
2024-12-15 19:36:56,119 -               precision    recall  f1-score   support

         0.0       0.00      0.00      0.00       146
         1.0       0.50      1.00      0.67       145

    accuracy                           0.50       291
   macro avg       0.25      0.50      0.33       291
weighted avg       0.25      0.50      0.33       291

2024-12-15 19:36:56,119 - AUC-ROC: 0.5
2024-12-15 19:37:03,096 - Validação cruzada estratificada nos dados de treino:
2024-12-15 19:37:03,096 - [0.56898789 0.52573529 0.6658737  0.61397059 0.558391  ]
2024-12-15 19:37:03,096 - AUC-ROC médio: 0.5865916955017301
2024-12-15 19:37:06,419 - Validação cruzada estratificada nos dados de teste:
2024-12-15 19:37:06,419 - [0.60229885 0.64090369 0.49227111 0.75743163 0.64090369]
2024-12-15 19:37:06,419 - AUC-ROC médio: 0.6267617915180341
2024-12-15 19:37:06,576 - Melhor threshold: 0.92
2024-12-15 19:37:06,576 - Melhor F1-score no treino: 0.9898107714701602
2024-12-15 19:37:06,591 - Relatório de Classificação no conjunto de teste com o melhor threshold:
2024-12-15 19:37:06,608 -               precision    recall  f1-score   support

         0.0       0.54      0.82      0.65       146
         1.0       0.62      0.29      0.39       145

    accuracy                           0.56       291
   macro avg       0.58      0.56      0.52       291
weighted avg       0.58      0.56      0.52       291

2024-12-15 19:37:06,609 - AUC-ROC: 0.5557864903164856
2024-12-15 19:37:06,732 - Melhor modelo salvo como 'best_rf_model_with_threshold.pkl'.
2024-12-15 19:37:06,732 - SMOTE salvo como 'smote.pkl'.
2024-12-15 19:37:06,732 - Tempo total de processamento: 0 horas, 8 minutos e 41 segundos.
