2024-11-11 16:47:01,313 - INFO - Iniciando a execução do pipeline.
2024-11-11 16:47:01,318 - INFO - Configuração carregada com sucesso.
2024-11-11 16:47:01,318 - INFO - Iniciando o pipeline de pré-processamento...
2024-11-11 16:47:02,319 - INFO - [Pré-processamento (início)] Uso de CPU: 1.0%
2024-11-11 16:47:02,319 - INFO - [Pré-processamento (início)] Uso de memória: 49.8%
2024-11-11 16:47:03,341 - INFO - [Pré-processamento (fim)] Uso de CPU: 0.6%
2024-11-11 16:47:03,341 - INFO - [Pré-processamento (fim)] Uso de memória: 49.8%
2024-11-11 16:47:03,341 - INFO - Iniciando o treinamento do modelo...
2024-11-11 16:47:04,342 - INFO - [Treinamento (início)] Uso de CPU: 0.6%
2024-11-11 16:47:04,342 - INFO - [Treinamento (início)] Uso de memória: 49.8%
2024-11-11 16:47:05,521 - INFO - [Treinamento (fim)] Uso de CPU: 6.8%
2024-11-11 16:47:05,521 - INFO - [Treinamento (fim)] Uso de memória: 50.1%
2024-11-11 16:47:05,521 - INFO - Avaliando o modelo...
2024-11-11 16:47:05,540 - INFO - Métricas de desempenho do modelo:
2024-11-11 16:47:05,540 - INFO - Acurácia: 0.8437
2024-11-11 16:47:05,540 - INFO - Recall: 0.8075
2024-11-11 16:47:05,540 - INFO - Precisão: 0.8630
2024-11-11 16:47:05,541 - INFO - F1-Score: 0.8343
2024-11-11 16:47:05,541 - INFO - AUC: 0.9229
2024-11-11 16:47:05,541 - INFO - Salvando o modelo...
2024-11-11 16:47:05,544 - INFO - Modelo salvo com sucesso em D:/Github/data-science/projetos/rotatividade-de-clientes/machine-learning/models/final_model.joblib.
2024-11-11 16:47:05,544 - INFO - Pipeline concluído com sucesso.
