2024-11-11 13:53:51,481 - INFO - Iniciando a execução do pipeline.
2024-11-11 13:53:51,491 - INFO - Configuração carregada com sucesso.
2024-11-11 13:53:51,492 - INFO - Iniciando o pipeline de pré-processamento...
2024-11-11 13:53:52,494 - INFO - [Pré-processamento (início)] Uso de CPU: 3.7%
2024-11-11 13:53:52,496 - INFO - [Pré-processamento (início)] Uso de memória: 59.1%
2024-11-11 13:53:53,521 - INFO - [Pré-processamento (fim)] Uso de CPU: 6.8%
2024-11-11 13:53:53,522 - INFO - [Pré-processamento (fim)] Uso de memória: 59.1%
2024-11-11 13:53:53,523 - INFO - Iniciando o treinamento do modelo...
2024-11-11 13:53:54,525 - INFO - [Treinamento (início)] Uso de CPU: 0.8%
2024-11-11 13:53:54,527 - INFO - [Treinamento (início)] Uso de memória: 59.1%
2024-11-11 13:53:55,624 - INFO - [Treinamento (fim)] Uso de CPU: 12.3%
2024-11-11 13:53:55,625 - INFO - [Treinamento (fim)] Uso de memória: 59.1%
2024-11-11 13:53:55,626 - INFO - Avaliando o modelo...
2024-11-11 13:53:55,653 - INFO - Métricas de desempenho do modelo:
2024-11-11 13:53:55,655 - INFO - Acurácia: 0.8437
2024-11-11 13:53:55,656 - INFO - Recall: 0.8075
2024-11-11 13:53:55,657 - INFO - Precisão: 0.8630
2024-11-11 13:53:55,658 - INFO - F1-Score: 0.8343
2024-11-11 13:53:55,659 - INFO - AUC: 0.9229
2024-11-11 13:53:55,660 - INFO - Salvando o modelo...
2024-11-11 13:53:55,666 - INFO - Modelo salvo com sucesso em D:/Github/data-science/projetos/rotatividade-de-clientes/machine-learning/models/final_model.joblib.
2024-11-11 13:53:55,668 - INFO - Pipeline concluído com sucesso.
